22899 2436 25335 
0 -  7 -  22 -  19 -  52 -  43 -  13 -  25 -  46 -  55 -  40 - 0 568 5050 A
0 -  8 -  47 -  17 -  2 -  59 -  32 -  62 -  20 -  35 -  29 -  26 -  44 -  50 -  56 -  53 -  38 -  23 -  5 -  41 -  11 -  14 - 0 988 16000 B
0 -  18 -  39 -  45 -  30 -  54 -  6 -  42 -  21 -  27 -  15 -  12 -  36 -  51 -  63 -  3 -  24 -  33 -  57 -  60 -  9 -  48 - 0 880 14650 C
______________________________________________________________heuristic: 1 trucks_capacity: 0 - 1 - 2 
22899 2436 25335 
0 -  7 -  22 -  19 -  52 -  43 -  13 -  25 -  46 -  55 -  40 - 0 568 5050 A
0 -  8 -  47 -  17 -  2 -  59 -  32 -  62 -  20 -  35 -  29 -  26 -  44 -  50 -  56 -  53 -  38 -  23 -  5 -  41 -  11 -  14 - 0 988 16000 B
0 -  18 -  39 -  45 -  30 -  54 -  6 -  42 -  21 -  27 -  15 -  12 -  36 -  51 -  63 -  3 -  24 -  33 -  57 -  60 -  9 -  48 - 0 880 14650 C
______________________________________________________________heuristic: 1 trucks_capacity: 0 - 2 - 1 
22899 2436 25335 
0 -  7 -  22 -  19 -  52 -  43 -  13 -  25 -  46 -  55 -  40 - 0 568 5050 A
0 -  8 -  47 -  17 -  2 -  59 -  32 -  62 -  20 -  35 -  29 -  26 -  44 -  50 -  56 -  53 -  38 -  23 -  5 -  41 -  11 -  14 - 0 988 16000 B
0 -  18 -  39 -  45 -  30 -  54 -  6 -  42 -  21 -  27 -  15 -  12 -  36 -  51 -  63 -  3 -  24 -  33 -  57 -  60 -  9 -  48 - 0 880 14650 C
______________________________________________________________heuristic: 1 trucks_capacity: 1 - 0 - 2 
22899 2436 25335 
0 -  7 -  22 -  19 -  52 -  43 -  13 -  25 -  46 -  55 -  40 - 0 568 5050 A
0 -  8 -  47 -  17 -  2 -  59 -  32 -  62 -  20 -  35 -  29 -  26 -  44 -  50 -  56 -  53 -  38 -  23 -  5 -  41 -  11 -  14 - 0 988 16000 B
0 -  18 -  39 -  45 -  30 -  54 -  6 -  42 -  21 -  27 -  15 -  12 -  36 -  51 -  63 -  3 -  24 -  33 -  57 -  60 -  9 -  48 - 0 880 14650 C
______________________________________________________________heuristic: 1 trucks_capacity: 1 - 2 - 0 
22899 2436 25335 
0 -  7 -  22 -  19 -  52 -  43 -  13 -  25 -  46 -  55 -  40 - 0 568 5050 A
0 -  8 -  47 -  17 -  2 -  59 -  32 -  62 -  20 -  35 -  29 -  26 -  44 -  50 -  56 -  53 -  38 -  23 -  5 -  41 -  11 -  14 - 0 988 16000 B
0 -  18 -  39 -  45 -  30 -  54 -  6 -  42 -  21 -  27 -  15 -  12 -  36 -  51 -  63 -  3 -  24 -  33 -  57 -  60 -  9 -  48 - 0 880 14650 C
______________________________________________________________heuristic: 1 trucks_capacity: 2 - 0 - 1 
22899 2436 25335 
0 -  7 -  22 -  19 -  52 -  43 -  13 -  25 -  46 -  55 -  40 - 0 568 5050 A
0 -  8 -  47 -  17 -  2 -  59 -  32 -  62 -  20 -  35 -  29 -  26 -  44 -  50 -  56 -  53 -  38 -  23 -  5 -  41 -  11 -  14 - 0 988 16000 B
0 -  18 -  39 -  45 -  30 -  54 -  6 -  42 -  21 -  27 -  15 -  12 -  36 -  51 -  63 -  3 -  24 -  33 -  57 -  60 -  9 -  48 - 0 880 14650 C
______________________________________________________________heuristic: 1 trucks_capacity: 2 - 1 - 0 
