48907 1223 50130 
0 -  13 -  19 -  43 -  25 -  7 -  49 -  10 -  31 -  4 -  1 -  28 -  37 -  16 -  22 -  40 -  46 -  34 - 0 444 22400 A
0 -  17 -  38 -  50 -  35 -  29 -  23 -  8 -  32 -  2 -  47 -  5 -  11 -  26 -  44 -  20 -  14 -  41 - 0 431 29600 B
0 -  18 -  48 -  9 -  39 -  6 -  15 -  45 -  42 -  12 -  33 -  3 -  21 -  30 -  36 -  27 -  24 - 0 348 25700 C
______________________________________________________________heuristic: 1 trucks_capacity: 0 - 1 - 2 
48907 1223 50130 
0 -  13 -  19 -  43 -  25 -  7 -  49 -  10 -  31 -  4 -  1 -  28 -  37 -  16 -  22 -  40 -  46 -  34 - 0 444 22400 A
0 -  17 -  38 -  50 -  35 -  29 -  23 -  8 -  32 -  2 -  47 -  5 -  11 -  26 -  44 -  20 -  14 -  41 - 0 431 29600 B
0 -  18 -  48 -  9 -  39 -  6 -  15 -  45 -  42 -  12 -  33 -  3 -  21 -  30 -  36 -  27 -  24 - 0 348 25700 C
______________________________________________________________heuristic: 1 trucks_capacity: 0 - 2 - 1 
45959 1171 47130 
0 -  13 -  19 -  43 -  25 -  7 -  49 -  10 -  31 -  4 -  1 -  28 -  37 -  16 -  22 -  40 -  46 -  34 - 0 444 22400 A
0 -  17 -  38 -  50 -  35 -  29 -  23 -  8 -  32 -  2 -  47 -  5 -  11 -  26 -  44 -  20 - 0 401 24800 B
0 -  36 -  21 -  30 -  39 -  6 -  15 -  45 -  18 -  48 -  9 -  12 -  33 -  42 -  24 -  27 -  3 - 0 326 25700 C
______________________________________________________________heuristic: 1 trucks_capacity: 1 - 0 - 2 
47808 1202 49010 
0 -  13 -  19 -  43 -  25 -  7 -  49 -  10 -  31 -  4 -  1 -  28 -  37 -  16 -  22 -  40 -  46 -  34 - 0 444 22400 A
0 -  17 -  38 -  50 -  35 -  29 -  23 -  8 -  32 -  2 -  47 -  5 -  11 -  26 -  44 -  20 -  14 -  41 - 0 431 29600 B
0 -  18 -  48 -  9 -  39 -  6 -  15 -  45 -  42 -  12 -  33 -  3 -  21 -  30 -  36 -  27 - 0 327 24700 C
______________________________________________________________heuristic: 1 trucks_capacity: 1 - 2 - 0 
45959 1171 47130 
0 -  13 -  19 -  43 -  25 -  7 -  49 -  10 -  31 -  4 -  1 -  28 -  37 -  16 -  22 -  40 -  46 -  34 - 0 444 22400 A
0 -  17 -  38 -  50 -  35 -  29 -  23 -  8 -  32 -  2 -  47 -  5 -  11 -  26 -  44 -  20 - 0 401 24800 B
0 -  36 -  21 -  30 -  39 -  6 -  15 -  45 -  18 -  48 -  9 -  12 -  33 -  42 -  24 -  27 -  3 - 0 326 25700 C
______________________________________________________________heuristic: 1 trucks_capacity: 2 - 0 - 1 
47808 1202 49010 
0 -  13 -  19 -  43 -  25 -  7 -  49 -  10 -  31 -  4 -  1 -  28 -  37 -  16 -  22 -  40 -  46 -  34 - 0 444 22400 A
0 -  17 -  38 -  50 -  35 -  29 -  23 -  8 -  32 -  2 -  47 -  5 -  11 -  26 -  44 -  20 -  14 -  41 - 0 431 29600 B
0 -  18 -  48 -  9 -  39 -  6 -  15 -  45 -  42 -  12 -  33 -  3 -  21 -  30 -  36 -  27 - 0 327 24700 C
______________________________________________________________heuristic: 1 trucks_capacity: 2 - 1 - 0 
