89053 2077 91130 
0 -  7 -  1 -  34 -  28 -  22 -  43 -  64 -  31 -  40 -  13 -  55 -  19 -  46 -  58 -  73 -  52 -  16 -  4 -  49 -  25 -  10 -  67 -  37 - 0 756 44200 A
0 -  71 -  38 -  11 -  8 -  47 -  29 -  5 -  14 -  20 -  53 -  59 -  35 -  68 -  74 -  62 -  2 -  23 -  44 -  41 -  65 -  32 -  26 -  17 -  50 -  56 - 0 629 46700 B
0 -  24 -  45 -  30 -  75 -  69 -  72 -  39 -  33 -  63 -  57 -  6 -  3 -  18 -  51 -  27 -  9 -  66 -  12 -  36 -  48 -  21 -  42 -  54 -  15 -  60 - 0 692 42900 C
______________________________________________________________heuristic: 1 trucks_capacity: 0 - 1 - 2 
89053 2077 91130 
0 -  7 -  1 -  34 -  28 -  22 -  43 -  64 -  31 -  40 -  13 -  55 -  19 -  46 -  58 -  73 -  52 -  16 -  4 -  49 -  25 -  10 -  67 -  37 - 0 756 44200 A
0 -  71 -  38 -  11 -  8 -  47 -  29 -  5 -  14 -  20 -  53 -  59 -  35 -  68 -  74 -  62 -  2 -  23 -  44 -  41 -  65 -  32 -  26 -  17 -  50 -  56 - 0 629 46700 B
0 -  24 -  45 -  30 -  75 -  69 -  72 -  39 -  33 -  63 -  57 -  6 -  3 -  18 -  51 -  27 -  9 -  66 -  12 -  36 -  48 -  21 -  42 -  54 -  15 -  60 - 0 692 42900 C
______________________________________________________________heuristic: 1 trucks_capacity: 0 - 2 - 1 
89043 2017 91060 
0 -  7 -  1 -  34 -  28 -  22 -  43 -  64 -  31 -  40 -  13 -  55 -  19 -  46 -  58 -  73 -  52 -  16 -  4 -  49 -  25 -  10 -  67 -  37 -  61 -  70 - 0 782 46800 A
0 -  38 -  11 -  8 -  47 -  29 -  5 -  14 -  20 -  71 -  62 -  74 -  23 -  44 -  41 -  2 -  17 -  68 -  35 -  53 -  59 -  32 -  26 -  50 -  65 - 0 579 44100 B
0 -  39 -  33 -  63 -  24 -  45 -  30 -  75 -  69 -  72 -  27 -  9 -  51 -  18 -  57 -  6 -  3 -  42 -  48 -  21 -  36 -  15 -  54 -  60 -  12 -  66 - 0 656 42900 C
______________________________________________________________heuristic: 1 trucks_capacity: 1 - 0 - 2 
89675 2085 91760 
0 -  7 -  1 -  34 -  28 -  22 -  43 -  64 -  31 -  40 -  13 -  55 -  19 -  46 -  58 -  73 -  52 -  16 -  4 -  49 -  25 -  10 -  67 -  37 -  61 -  70 - 0 782 46800 A
0 -  38 -  11 -  8 -  47 -  29 -  5 -  14 -  20 -  71 -  62 -  74 -  23 -  44 -  41 -  2 -  17 -  68 -  35 -  53 -  59 -  32 -  26 -  50 -  56 -  65 - 0 647 46700 B
0 -  39 -  33 -  63 -  24 -  45 -  30 -  75 -  69 -  72 -  27 -  9 -  51 -  18 -  57 -  6 -  3 -  42 -  48 -  21 -  36 -  15 -  54 -  60 -  12 -  66 - 0 656 42900 C
______________________________________________________________heuristic: 1 trucks_capacity: 1 - 2 - 0 
89043 2017 91060 
0 -  7 -  1 -  34 -  28 -  22 -  43 -  64 -  31 -  40 -  13 -  55 -  19 -  46 -  58 -  73 -  52 -  16 -  4 -  49 -  25 -  10 -  67 -  37 -  61 -  70 - 0 782 46800 A
0 -  38 -  11 -  8 -  47 -  29 -  5 -  14 -  20 -  71 -  62 -  74 -  23 -  44 -  41 -  2 -  17 -  68 -  35 -  53 -  59 -  32 -  26 -  50 -  65 - 0 579 44100 B
0 -  39 -  33 -  63 -  24 -  45 -  30 -  75 -  69 -  72 -  27 -  9 -  51 -  18 -  57 -  6 -  3 -  42 -  48 -  21 -  36 -  15 -  54 -  60 -  12 -  66 - 0 656 42900 C
______________________________________________________________heuristic: 1 trucks_capacity: 2 - 0 - 1 
89675 2085 91760 
0 -  7 -  1 -  34 -  28 -  22 -  43 -  64 -  31 -  40 -  13 -  55 -  19 -  46 -  58 -  73 -  52 -  16 -  4 -  49 -  25 -  10 -  67 -  37 -  61 -  70 - 0 782 46800 A
0 -  38 -  11 -  8 -  47 -  29 -  5 -  14 -  20 -  71 -  62 -  74 -  23 -  44 -  41 -  2 -  17 -  68 -  35 -  53 -  59 -  32 -  26 -  50 -  56 -  65 - 0 647 46700 B
0 -  39 -  33 -  63 -  24 -  45 -  30 -  75 -  69 -  72 -  27 -  9 -  51 -  18 -  57 -  6 -  3 -  42 -  48 -  21 -  36 -  15 -  54 -  60 -  12 -  66 - 0 656 42900 C
______________________________________________________________heuristic: 1 trucks_capacity: 2 - 1 - 0 
